<?xml version="1.0" encoding="UTF-8"?>
<testsuite xmlns:xsi="http://www.w3.org/2001/XMLSchema-instance" xsi:noNamespaceSchemaLocation="https://maven.apache.org/surefire/maven-surefire-plugin/xsd/surefire-test-report.xsd" version="3.0.2" name="com.atharva.kmrlinductionplanningapplication.KmrlInductionPlanningApplicationTests" time="18.453" tests="1" errors="0" skipped="0" failures="0">
  <properties>
[...]
</properties>
  <testcase name="contextLoads" classname="com.atharva.kmrlinductionplanningapplication.KmrlInductionPlanningApplicationTests" time="0.872">
    <system-out><![CDATA[16:38:18.000 [main] INFO org.springframework.test.context.support.AnnotationConfigContextLoaderUtils -- Could not detect default configuration classes for test class [com.atharva.kmrlinductionplanningapplication.KmrlInductionPlanningApplicationTests]: KmrlInductionPlanningApplicationTests does not declare any static, non-private, non-final, nested classes annotated with @Configuration.
16:38:18.400 [main] INFO org.springframework.boot.test.context.SpringBootTestContextBootstrapper -- Found @SpringBootConfiguration com.atharva.kmrlinductionplanningapplication.KmrlInductionPlanningApplication for test class com.atharva.kmrlinductionplanningapplication.KmrlInductionPlanningApplicationTests

  .   ____          _            __ _ _
 /\\ / ___'_ __ _ _(_)_ __  __ _ \ \ \ \
( ( )\___ | '_ | '_| | '_ \/ _` | \ \ \ \
 \\/  ___)| |_)| | | | | || (_| |  ) ) ) )
  '  |____| .__|_| |_|_| |_\__, | / / / /
 =========|_|==============|___/=/_/_/_/

 :: Spring Boot ::                (v3.5.5)

2025-09-22T16:38:19.720+05:30  INFO 15148 --- [KmrlInductionPlanningApplication] [           main] .k.KmrlInductionPlanningApplicationTests : Starting KmrlInductionPlanningApplicationTests using Java 17.0.10 with PID 15148 (started by Atharva in D:\Java_Full_Stack\KmrlInductionPlanningApplication)
2025-09-22T16:38:19.723+05:30  INFO 15148 --- [KmrlInductionPlanningApplication] [           main] .k.KmrlInductionPlanningApplicationTests : No active profile set, falling back to 1 default profile: "default"
2025-09-22T16:38:21.313+05:30  INFO 15148 --- [KmrlInductionPlanningApplication] [           main] .s.d.r.c.RepositoryConfigurationDelegate : Bootstrapping Spring Data JPA repositories in DEFAULT mode.
2025-09-22T16:38:21.534+05:30  INFO 15148 --- [KmrlInductionPlanningApplication] [           main] .s.d.r.c.RepositoryConfigurationDelegate : Finished Spring Data repository scanning in 199 ms. Found 9 JPA repository interfaces.
2025-09-22T16:38:22.598+05:30  INFO 15148 --- [KmrlInductionPlanningApplication] [           main] o.hibernate.jpa.internal.util.LogHelper  : HHH000204: Processing PersistenceUnitInfo [name: default]
2025-09-22T16:38:22.729+05:30  INFO 15148 --- [KmrlInductionPlanningApplication] [           main] org.hibernate.Version                    : HHH000412: Hibernate ORM core version 6.6.26.Final
2025-09-22T16:38:22.813+05:30  INFO 15148 --- [KmrlInductionPlanningApplication] [           main] o.h.c.internal.RegionFactoryInitiator    : HHH000026: Second-level cache disabled
2025-09-22T16:38:23.545+05:30  INFO 15148 --- [KmrlInductionPlanningApplication] [           main] o.s.o.j.p.SpringPersistenceUnitInfo      : No LoadTimeWeaver setup: ignoring JPA class transformer
2025-09-22T16:38:23.604+05:30  INFO 15148 --- [KmrlInductionPlanningApplication] [           main] com.zaxxer.hikari.HikariDataSource       : HikariPool-1 - Starting...
2025-09-22T16:38:24.243+05:30  INFO 15148 --- [KmrlInductionPlanningApplication] [           main] com.zaxxer.hikari.pool.HikariPool        : HikariPool-1 - Added connection com.mysql.cj.jdbc.ConnectionImpl@71468613
2025-09-22T16:38:24.249+05:30  INFO 15148 --- [KmrlInductionPlanningApplication] [           main] com.zaxxer.hikari.HikariDataSource       : HikariPool-1 - Start completed.
2025-09-22T16:38:24.434+05:30  INFO 15148 --- [KmrlInductionPlanningApplication] [           main] org.hibernate.orm.connections.pooling    : HHH10001005: Database info:
	Database JDBC URL [Connecting through datasource 'HikariDataSource (HikariPool-1)']
	Database driver: undefined/unknown
	Database version: 8.0.41
	Autocommit mode: undefined/unknown
	Isolation level: undefined/unknown
	Minimum pool size: undefined/unknown
	Maximum pool size: undefined/unknown
2025-09-22T16:38:28.581+05:30  INFO 15148 --- [KmrlInductionPlanningApplication] [           main] o.h.e.t.j.p.i.JtaPlatformInitiator       : HHH000489: No JTA platform available (set 'hibernate.transaction.jta.platform' to enable JTA platform integration)
2025-09-22T16:38:28.824+05:30  INFO 15148 --- [KmrlInductionPlanningApplication] [           main] j.LocalContainerEntityManagerFactoryBean : Initialized JPA EntityManagerFactory for persistence unit 'default'
2025-09-22T16:38:29.774+05:30  INFO 15148 --- [KmrlInductionPlanningApplication] [           main] o.s.d.j.r.query.QueryEnhancerFactory     : Hibernate is in classpath; If applicable, HQL parser will be used.
2025-09-22T16:38:34.014+05:30  WARN 15148 --- [KmrlInductionPlanningApplication] [           main] JpaBaseConfiguration$JpaWebConfiguration : spring.jpa.open-in-view is enabled by default. Therefore, database queries may be performed during view rendering. Explicitly configure spring.jpa.open-in-view to disable this warning
2025-09-22T16:38:35.042+05:30  INFO 15148 --- [KmrlInductionPlanningApplication] [           main] .k.KmrlInductionPlanningApplicationTests : Started KmrlInductionPlanningApplicationTests in 16.218 seconds (process running for 19.59)
]]></system-out>
  </testcase>
</testsuite>